<?xml version="1.0" encoding="UTF-8"?>
<testsuite name="com.kodilla.testing.weather.stub.WeatherForecastTestSuite" tests="1" skipped="0" failures="0" errors="0" timestamp="2018-06-02T14:42:38" hostname="LAPTOP-PG4L8KD3" time="0.0">
  <properties/>
  <testcase name="testCalculateForecastWithStub" classname="com.kodilla.testing.weather.stub.WeatherForecastTestSuite" time="0.0"/>
  <system-out><![CDATA[]]></system-out>
  <system-err><![CDATA[]]></system-err>
</testsuite>
