<?xml version="1.0" encoding="UTF-8"?>
<testsuite name="com.kodilla.patterns.builder.bigmac.BigmacTestSuite" tests="1" skipped="0" failures="0" errors="0" timestamp="2018-07-17T14:03:12" hostname="LAPTOP-PG4L8KD3" time="0.002">
  <properties/>
  <testcase name="testBigmac" classname="com.kodilla.patterns.builder.bigmac.BigmacTestSuite" time="0.002"/>
  <system-out><![CDATA[]]></system-out>
  <system-err><![CDATA[]]></system-err>
</testsuite>
