<?xml version="1.0" encoding="UTF-8"?>
<testsuite name="com.kodilla.patterns.singleton.LoggerTestSuite" tests="1" skipped="0" failures="0" errors="0" timestamp="2018-07-17T14:03:12" hostname="LAPTOP-PG4L8KD3" time="0.0">
  <properties/>
  <testcase name="testGetLastLog" classname="com.kodilla.patterns.singleton.LoggerTestSuite" time="0.0"/>
  <system-out><![CDATA[Log: [Successfully connected to a server]
]]></system-out>
  <system-err><![CDATA[]]></system-err>
</testsuite>
