<?xml version="1.0" encoding="UTF-8"?>
<testsuite name="com.kodilla.patterns.strategy.social.UserTestSuite" tests="2" skipped="0" failures="0" errors="0" timestamp="2018-07-05T15:52:19" hostname="LAPTOP-PG4L8KD3" time="0.004">
  <properties/>
  <testcase name="testDefaultSharingStrategies" classname="com.kodilla.patterns.strategy.social.UserTestSuite" time="0.003"/>
  <testcase name="testIndividualSharingStrategy" classname="com.kodilla.patterns.strategy.social.UserTestSuite" time="0.0"/>
  <system-out><![CDATA[John Twitter
Kate Snapchat
Bruce Facebook
John Twitter
John Facebook
]]></system-out>
  <system-err><![CDATA[]]></system-err>
</testsuite>
