<?xml version="1.0" encoding="UTF-8"?>
<testsuite name="com.kodilla.patterns.builder.pizza.PizzaTestSuite" tests="1" skipped="0" failures="0" errors="0" timestamp="2018-07-05T15:52:19" hostname="LAPTOP-PG4L8KD3" time="0.006">
  <properties/>
  <testcase name="testPizzaNew" classname="com.kodilla.patterns.builder.pizza.PizzaTestSuite" time="0.006"/>
  <system-out><![CDATA[Pizza{bottom='Thin', sauce='Spicy', ingredients=[Onion, Ham, Mushrooms]}
]]></system-out>
  <system-err><![CDATA[]]></system-err>
</testsuite>
